
           Integration parameters
           ----------------------

   Algorithm: 15th-order RADAU

   Integration start epoch:               0.0000000 days 
   Integration stop  epoch:           10000.0000000
   Output interval:                     100.000
   Output precision:                 medium

   Initial timestep:               10.000 days 
   Accuracy parameter:              1.0000E-10
   Central mass:                    1.0430E+00 solar masses
   J_2:                              0.0000E+00
   J_4:                              0.0000E+00
   J_6:                              0.0000E+00
   Ejection distance:               1.0000E+03 AU
   Radius of central body:          5.0000E-04 AU

   Includes collisions:                 no 
   Includes fragmentation:              no 
   Includes relativity:                 no 
   Includes user-defined force routine: no 

   Number of Big bodies:        4
   Number of Small bodies:      0


           Integration details
           -------------------

   Initial energy:           -6.68063E-04 solar masses AU^2 day^-2 
   Initial angular momentum:  1.58675E-03 solar masses AU^2 day^-1 

 WARNING: No Small bodies are present.

   Integrating massive bodies and particles up to the same epoch.

   Beginning the main integration.


   Integration complete.

   Fractional energy change due to integrator:   1.24847E-10
   Fractional angular momentum change:           6.62590E-11

   Fractional energy change due to collisions/ejections:  0.00000E+00
   Fractional angular momentum change:                    0.00000E+00
